[2026-02-18 14:07:14] === PIPELINE START 18-Feb-2026 14:07:14 ===
[2026-02-18 14:07:14] root_dir  : Z:\pb\KPP_KPN_joined\Aperiodic\Saskia\Aperiodic-Slope-Paper
[2026-02-18 14:07:14] env.mode  : pc
[2026-02-18 14:07:14] env.is_slurm: 0 | SLURM_JOB_ID= | SLURM_CLUSTER_NAME=
[2026-02-18 14:07:14] paths.profile: pc_now
[2026-02-18 14:07:14] bids_root : K:\Wilken_Arbeitsordner\Raw_data\BIDS_RTGMN_Baseline
[2026-02-18 14:07:14] out_root  : K:\Wilken_Arbeitsordner\Preprocessed_data\Aperiodic_Signal\eeg
[2026-02-18 14:07:14] overwrite : delete
[2026-02-18 14:07:14] dry_run   : 0
[2026-02-18 14:07:14] Step05: eye=0.80 mus=0.80 heart=0.80 line=0.80 ch=0.80 other=0.95 brain_min=0.05 edge=0.10
[2026-02-18 14:07:14] Step06: ref=avg | epoch_mode=regular | regular=10s | baseline_apply=0 | baseline=[-200 0]ms | faster_z=3.00 robust=1
[2026-02-18 14:07:14] Toolboxes initialized (master).
[2026-02-18 14:07:14] Found 1 subject(s).
[2026-02-18 14:07:15] Resolved worker count from feature(numcores)=10
[2026-02-18 14:07:15] Parallel requested (10 workers).
[2026-02-18 14:07:15] WARNING: Parallel toolbox license unavailable (max users reached). Falling back to SERIAL. (Unable to check out a license for the Parallel Computing Toolbox.
License checkout failed.
License Manager Error -4
Maximum number of users for Distrib_Computing_Toolbox reached. 
Try again later.

Troubleshoot this issue by visiting: 
https://www.mathworks.com/support/lme/4

Diagnostic Information:
Feature: Distrib_Computing_Toolbox 
License path: C:\Users\bbf7366\AppData\Roaming\MathWorks\MATLAB\R2023b_licenses;C:\Program Files\matlab\R2023b\licenses\license.dat;C:\Program Files\matlab\R2023b\licenses\network.lic 
Licensing error: -4,132.)
[2026-02-18 14:08:45] === PIPELINE END 18-Feb-2026 14:08:45 ===
[2026-02-18 14:08:45] Completed: 0 ok | 1 failed
[2026-02-18 14:08:45] Failed subjects:
[2026-02-18 14:08:45]   sub-001 | prep06_epoching failed for sub-001: prep06_epoching: Unrecognized field name "ptp_uV_thresh". | log=Z:\pb\KPP_KPN_joined\Aperiodic\Saskia\Aperiodic-Slope-Paper\logs\runlog_pipeline\sub-001_20260218_140715_263_ERR.log
