[2026-02-18 14:30:03] --- START sub-002 ---
[2026-02-18 14:30:05] EEGLAB initialized.
[2026-02-18 14:30:05] Step 03: untilICA
[2026-02-18 14:30:05] prep03_untilica: BIDS fallback: using vhdr=K:\Wilken_Arbeitsordner\Raw_data\BIDS_RTGMN_Baseline\sub-002\ses-01\eeg\sub-002_ses-01_task-baseline_eeg.vhdr
[2026-02-18 14:30:05] prep03_untilica: START sub-002 | sub-002_ses-01_task-baseline_eeg | input_source=bids_vhdr | input=K:\Wilken_Arbeitsordner\Raw_data\BIDS_RTGMN_Baseline\sub-002\ses-01\eeg\sub-002_ses-01_task-baseline_eeg.vhdr
[2026-02-18 14:30:08] Loaded BrainVision: K:\Wilken_Arbeitsordner\Raw_data\BIDS_RTGMN_Baseline\sub-002\ses-01\eeg\sub-002_ses-01_task-baseline_eeg.vhdr
[2026-02-18 14:30:40] prep03_untilica: saved preica (dry_run=0): K:\Wilken_Arbeitsordner\Preprocessed_data\Aperiodic_Signal\eeg\02_until_ica\sub-002\sub-002_ses-01_task-baseline_eeg_preica.set
[2026-02-18 14:30:43] prep03_untilica: saved forica (dry_run=0): K:\Wilken_Arbeitsordner\Preprocessed_data\Aperiodic_Signal\eeg\03_for_ica\sub-002\sub-002_ses-01_task-baseline_eeg_forica.set
[2026-02-18 14:30:43] prep03_untilica: DONE sub-002 | sub-002_ses-01_task-baseline_eeg
[2026-02-18 14:30:43] Step 04: ICA
[2026-02-18 14:30:43] prep04_ica: sub-002 | sub-002_ses-01_task-baseline_eeg | all outputs exist -> delete + regenerate
[2026-02-18 14:30:44] Loaded set: K:\Wilken_Arbeitsordner\Preprocessed_data\Aperiodic_Signal\eeg\03_for_ica\sub-002\sub-002_ses-01_task-baseline_eeg_forica.set
[2026-02-18 14:30:45] Loaded set: K:\Wilken_Arbeitsordner\Preprocessed_data\Aperiodic_Signal\eeg\02_until_ica\sub-002\sub-002_ses-01_task-baseline_eeg_preica.set
[2026-02-18 14:31:13] prep04_ica: saved: K:\Wilken_Arbeitsordner\Preprocessed_data\Aperiodic_Signal\eeg\04_after_ica_runica\sub-002\sub-002_ses-01_task-baseline_eeg_ica_applied.set
[2026-02-18 14:31:13] Step 05: IC rejection (ICLabel)
[2026-02-18 14:31:15] prep05_after_ica: sub-002 | sub-002_ses-01_task-baseline_eeg | all outputs exist -> delete + regenerate
[2026-02-18 14:31:16] Loaded set: K:\Wilken_Arbeitsordner\Preprocessed_data\Aperiodic_Signal\eeg\04_after_ica_runica\sub-002\sub-002_ses-01_task-baseline_eeg_ica_applied.set
[2026-02-18 14:32:07] ICA dims: nbchan=66, icachansind=66, icaweights=[55 66], icawinv=[66 55]
[2026-02-18 14:32:08] prep05_after_ica: saved: K:\Wilken_Arbeitsordner\Preprocessed_data\Aperiodic_Signal\eeg\05_until_epoching_runica\sub-002\sub-002_ses-01_task-baseline_eeg_until_epoching.set
[2026-02-18 14:32:08] Step 06: epoching + final rejection
[2026-02-18 14:32:08] prep06_epoching: sub-002 | sub-002_ses-01_task-baseline_eeg | all outputs exist -> delete + regenerate
[2026-02-18 14:32:09] Loaded set: K:\Wilken_Arbeitsordner\Preprocessed_data\Aperiodic_Signal\eeg\05_until_epoching_runica\sub-002\sub-002_ses-01_task-baseline_eeg_until_epoching.set
[2026-02-18 14:32:09] prep06_epoching: sub-002 | sub-002_ses-01_task-baseline_eeg | derived 7 segments (open/closed).
[2026-02-18 14:32:20] prep06_epoching: sub-002 | sub-002_ses-01_task-baseline_eeg | OPEN rejected=7/22 (FASTER=7, PTP=0) kept=15
[2026-02-18 14:32:20] prep06_epoching: sub-002 | sub-002_ses-01_task-baseline_eeg | OPEN EXCLUDED (rejected 31.8% > 25.0%) -> no OPEN output.
[2026-02-18 14:32:21] prep06_epoching: sub-002 | sub-002_ses-01_task-baseline_eeg | CLOSED rejected=5/21 (FASTER=5, PTP=4) kept=16
[2026-02-18 14:32:21] prep06_epoching: saved CLOSED: K:\Wilken_Arbeitsordner\Preprocessed_data\Aperiodic_Signal\eeg\06_epoched_runica\sub-002\sub-002_ses-01_task-baseline_eeg_cond-closed_epoched_final.set
[2026-02-18 14:32:21] --- END sub-002 OK ---
