[2026-02-18 17:19:40] --- START sub-001 ---
[2026-02-18 17:19:49] EEGLAB initialized.
[2026-02-18 17:19:49] Step 03: untilICA
[2026-02-18 17:19:49] prep03_untilica: BIDS fallback: using vhdr=K:\Wilken_Arbeitsordner\Raw_data\BIDS_RTGMN_Baseline\sub-001\ses-01\eeg\sub-001_ses-01_task-baseline_eeg.vhdr
[2026-02-18 17:19:49] prep03_untilica: START sub-001 | sub-001_ses-01_task-baseline_eeg | input_source=bids_vhdr | input=K:\Wilken_Arbeitsordner\Raw_data\BIDS_RTGMN_Baseline\sub-001\ses-01\eeg\sub-001_ses-01_task-baseline_eeg.vhdr
[2026-02-18 17:19:56] Loaded BrainVision: K:\Wilken_Arbeitsordner\Raw_data\BIDS_RTGMN_Baseline\sub-001\ses-01\eeg\sub-001_ses-01_task-baseline_eeg.vhdr
[2026-02-18 17:19:58] prep03_untilica: sub-001 | removing dead/invalid channels (global): IO2
[2026-02-18 17:21:11] prep03_untilica: saved preica (dry_run=0): K:\Wilken_Arbeitsordner\Preprocessed_data\Aperiodic_Signal\eeg\02_until_ica\sub-001\sub-001_ses-01_task-baseline_eeg_preica.set
[2026-02-18 17:21:17] prep03_untilica: sub-001 | ICA shared rejection 9/268 epochs rejected
[2026-02-18 17:21:17] prep03_untilica: saved forica (dry_run=0): K:\Wilken_Arbeitsordner\Preprocessed_data\Aperiodic_Signal\eeg\03_for_ica\sub-001\sub-001_ses-01_task-baseline_eeg_forica.set
[2026-02-18 17:21:17] prep03_untilica: DONE sub-001 | sub-001_ses-01_task-baseline_eeg
[2026-02-18 17:21:18] Step 04: ICA
[2026-02-18 17:21:18] prep04_ica: sub-001 | sub-001_ses-01_task-baseline_eeg | all outputs exist -> delete + regenerate
[2026-02-18 17:21:19] Loaded set: K:\Wilken_Arbeitsordner\Preprocessed_data\Aperiodic_Signal\eeg\03_for_ica\sub-001\sub-001_ses-01_task-baseline_eeg_forica.set
[2026-02-18 17:21:21] Loaded set: K:\Wilken_Arbeitsordner\Preprocessed_data\Aperiodic_Signal\eeg\02_until_ica\sub-001\sub-001_ses-01_task-baseline_eeg_preica.set
[2026-02-18 17:21:21] prep04_ica: sub-001 | sub-001_ses-01_task-baseline_eeg | rank-safe PCA: nbchan=65 rank(forica)=55 interpolated_count(preica)=9 => pca_rank=55
[2026-02-18 17:21:41] prep04_ica: saved: K:\Wilken_Arbeitsordner\Preprocessed_data\Aperiodic_Signal\eeg\04_after_ica_runica\sub-001\sub-001_ses-01_task-baseline_eeg_ica_applied.set
[2026-02-18 17:21:41] Step 05: IC rejection (ICLabel)
[2026-02-18 17:21:43] prep05_after_ica: sub-001 | sub-001_ses-01_task-baseline_eeg | all outputs exist -> delete + regenerate
[2026-02-18 17:21:44] Loaded set: K:\Wilken_Arbeitsordner\Preprocessed_data\Aperiodic_Signal\eeg\04_after_ica_runica\sub-001\sub-001_ses-01_task-baseline_eeg_ica_applied.set
[2026-02-18 17:23:03] ICA dims: nbchan=65, icachansind=65, icaweights=[55 65], icawinv=[65 55]
[2026-02-18 17:23:05] prep05_after_ica: saved: K:\Wilken_Arbeitsordner\Preprocessed_data\Aperiodic_Signal\eeg\05_until_epoching_runica\sub-001\sub-001_ses-01_task-baseline_eeg_until_epoching.set
[2026-02-18 17:23:05] Step 06: epoching + final rejection
[2026-02-18 17:23:06] prep06_epoching: sub-001 | sub-001_ses-01_task-baseline_eeg | all outputs exist -> delete + regenerate
[2026-02-18 17:23:07] Loaded set: K:\Wilken_Arbeitsordner\Preprocessed_data\Aperiodic_Signal\eeg\05_until_epoching_runica\sub-001\sub-001_ses-01_task-baseline_eeg_until_epoching.set
[2026-02-18 17:23:07] prep06_epoching: sub-001 | sub-001_ses-01_task-baseline_eeg | derived 7 segments (open/closed).
[2026-02-18 17:23:21] prep06_epoching: saved OPEN: K:\Wilken_Arbeitsordner\Preprocessed_data\Aperiodic_Signal\eeg\06_epoched_runica\sub-001\sub-001_ses-01_task-baseline_eeg_cond-open_epoched_final.set
[2026-02-18 17:23:21] prep06_epoching: saved CLOSED: K:\Wilken_Arbeitsordner\Preprocessed_data\Aperiodic_Signal\eeg\06_epoched_runica\sub-001\sub-001_ses-01_task-baseline_eeg_cond-closed_epoched_final.set
[2026-02-18 17:23:21] --- END sub-001 OK ---
