[2026-02-18 17:19:40] --- START sub-002 ---
[2026-02-18 17:19:49] EEGLAB initialized.
[2026-02-18 17:19:49] Step 03: untilICA
[2026-02-18 17:19:49] prep03_untilica: BIDS fallback: using vhdr=K:\Wilken_Arbeitsordner\Raw_data\BIDS_RTGMN_Baseline\sub-002\ses-01\eeg\sub-002_ses-01_task-baseline_eeg.vhdr
[2026-02-18 17:19:49] prep03_untilica: START sub-002 | sub-002_ses-01_task-baseline_eeg | input_source=bids_vhdr | input=K:\Wilken_Arbeitsordner\Raw_data\BIDS_RTGMN_Baseline\sub-002\ses-01\eeg\sub-002_ses-01_task-baseline_eeg.vhdr
[2026-02-18 17:19:56] Loaded BrainVision: K:\Wilken_Arbeitsordner\Raw_data\BIDS_RTGMN_Baseline\sub-002\ses-01\eeg\sub-002_ses-01_task-baseline_eeg.vhdr
[2026-02-18 17:21:11] prep03_untilica: saved preica (dry_run=0): K:\Wilken_Arbeitsordner\Preprocessed_data\Aperiodic_Signal\eeg\02_until_ica\sub-002\sub-002_ses-01_task-baseline_eeg_preica.set
[2026-02-18 17:21:17] prep03_untilica: sub-002 | ICA shared rejection 11/203 epochs rejected
[2026-02-18 17:21:17] prep03_untilica: saved forica (dry_run=0): K:\Wilken_Arbeitsordner\Preprocessed_data\Aperiodic_Signal\eeg\03_for_ica\sub-002\sub-002_ses-01_task-baseline_eeg_forica.set
[2026-02-18 17:21:17] prep03_untilica: DONE sub-002 | sub-002_ses-01_task-baseline_eeg
[2026-02-18 17:21:17] Step 04: ICA
[2026-02-18 17:21:17] prep04_ica: sub-002 | sub-002_ses-01_task-baseline_eeg | all outputs exist -> delete + regenerate
[2026-02-18 17:21:19] Loaded set: K:\Wilken_Arbeitsordner\Preprocessed_data\Aperiodic_Signal\eeg\03_for_ica\sub-002\sub-002_ses-01_task-baseline_eeg_forica.set
[2026-02-18 17:21:20] Loaded set: K:\Wilken_Arbeitsordner\Preprocessed_data\Aperiodic_Signal\eeg\02_until_ica\sub-002\sub-002_ses-01_task-baseline_eeg_preica.set
[2026-02-18 17:21:20] prep04_ica: sub-002 | sub-002_ses-01_task-baseline_eeg | rank-safe PCA: nbchan=66 rank(forica)=64 interpolated_count(preica)=10 => pca_rank=64
[2026-02-18 17:21:39] prep04_ica: saved: K:\Wilken_Arbeitsordner\Preprocessed_data\Aperiodic_Signal\eeg\04_after_ica_runica\sub-002\sub-002_ses-01_task-baseline_eeg_ica_applied.set
[2026-02-18 17:21:39] Step 05: IC rejection (ICLabel)
[2026-02-18 17:21:41] prep05_after_ica: sub-002 | sub-002_ses-01_task-baseline_eeg | all outputs exist -> delete + regenerate
[2026-02-18 17:21:42] Loaded set: K:\Wilken_Arbeitsordner\Preprocessed_data\Aperiodic_Signal\eeg\04_after_ica_runica\sub-002\sub-002_ses-01_task-baseline_eeg_ica_applied.set
[2026-02-18 17:23:12] ICA dims: nbchan=66, icachansind=66, icaweights=[64 66], icawinv=[66 64]
[2026-02-18 17:23:14] prep05_after_ica: saved: K:\Wilken_Arbeitsordner\Preprocessed_data\Aperiodic_Signal\eeg\05_until_epoching_runica\sub-002\sub-002_ses-01_task-baseline_eeg_until_epoching.set
[2026-02-18 17:23:14] Step 06: epoching + final rejection
[2026-02-18 17:23:14] prep06_epoching: sub-002 | sub-002_ses-01_task-baseline_eeg | partial outputs exist (1/2) -> regenerate
[2026-02-18 17:23:15] Loaded set: K:\Wilken_Arbeitsordner\Preprocessed_data\Aperiodic_Signal\eeg\05_until_epoching_runica\sub-002\sub-002_ses-01_task-baseline_eeg_until_epoching.set
[2026-02-18 17:23:15] prep06_epoching: sub-002 | sub-002_ses-01_task-baseline_eeg | derived 7 segments (open/closed).
[2026-02-18 17:23:28] prep06_epoching: saved OPEN: K:\Wilken_Arbeitsordner\Preprocessed_data\Aperiodic_Signal\eeg\06_epoched_runica\sub-002\sub-002_ses-01_task-baseline_eeg_cond-open_epoched_final.set
[2026-02-18 17:23:29] prep06_epoching: saved CLOSED: K:\Wilken_Arbeitsordner\Preprocessed_data\Aperiodic_Signal\eeg\06_epoched_runica\sub-002\sub-002_ses-01_task-baseline_eeg_cond-closed_epoched_final.set
[2026-02-18 17:23:29] --- END sub-002 OK ---
