[2026-02-18 15:51:27] --- START sub-001 ---
[2026-02-18 15:51:43] EEGLAB initialized.
[2026-02-18 15:51:43] Step 03: untilICA
[2026-02-18 15:51:44] prep03_untilica: BIDS fallback: using vhdr=K:\Wilken_Arbeitsordner\Raw_data\BIDS_RTGMN_Baseline\sub-001\ses-01\eeg\sub-001_ses-01_task-baseline_eeg.vhdr
[2026-02-18 15:51:44] prep03_untilica: START sub-001 | sub-001_ses-01_task-baseline_eeg | input_source=bids_vhdr | input=K:\Wilken_Arbeitsordner\Raw_data\BIDS_RTGMN_Baseline\sub-001\ses-01\eeg\sub-001_ses-01_task-baseline_eeg.vhdr
[2026-02-18 15:51:54] Loaded BrainVision: K:\Wilken_Arbeitsordner\Raw_data\BIDS_RTGMN_Baseline\sub-001\ses-01\eeg\sub-001_ses-01_task-baseline_eeg.vhdr
[2026-02-18 15:51:57] prep03_untilica: sub-001 | removing dead/invalid channels (global): IO2
[2026-02-18 15:53:05] prep03_untilica: saved preica (dry_run=0): K:\Wilken_Arbeitsordner\Preprocessed_data\Aperiodic_Signal\eeg\02_until_ica\sub-001\sub-001_ses-01_task-baseline_eeg_preica.set
[2026-02-18 15:53:11] prep03_untilica: saved forica (dry_run=0): K:\Wilken_Arbeitsordner\Preprocessed_data\Aperiodic_Signal\eeg\03_for_ica\sub-001\sub-001_ses-01_task-baseline_eeg_forica.set
[2026-02-18 15:53:11] prep03_untilica: DONE sub-001 | sub-001_ses-01_task-baseline_eeg
[2026-02-18 15:53:11] Step 04: ICA
[2026-02-18 15:53:11] prep04_ica: sub-001 | sub-001_ses-01_task-baseline_eeg | all outputs exist -> delete + regenerate
[2026-02-18 15:53:12] Loaded set: K:\Wilken_Arbeitsordner\Preprocessed_data\Aperiodic_Signal\eeg\03_for_ica\sub-001\sub-001_ses-01_task-baseline_eeg_forica.set
[2026-02-18 15:53:13] Loaded set: K:\Wilken_Arbeitsordner\Preprocessed_data\Aperiodic_Signal\eeg\02_until_ica\sub-001\sub-001_ses-01_task-baseline_eeg_preica.set
[2026-02-18 15:53:14] prep04_ica: sub-001 | sub-001_ses-01_task-baseline_eeg | rank-safe PCA: nbchan=65 rank(forica)=55 interpolated_count(preica)=9 => pca_rank=55
[2026-02-18 15:53:32] prep04_ica: saved: K:\Wilken_Arbeitsordner\Preprocessed_data\Aperiodic_Signal\eeg\04_after_ica_runica\sub-001\sub-001_ses-01_task-baseline_eeg_ica_applied.set
[2026-02-18 15:53:32] Step 05: IC rejection (ICLabel)
[2026-02-18 15:53:34] prep05_after_ica: sub-001 | sub-001_ses-01_task-baseline_eeg | all outputs exist -> delete + regenerate
[2026-02-18 15:53:35] Loaded set: K:\Wilken_Arbeitsordner\Preprocessed_data\Aperiodic_Signal\eeg\04_after_ica_runica\sub-001\sub-001_ses-01_task-baseline_eeg_ica_applied.set
[2026-02-18 15:54:38] ICA dims: nbchan=65, icachansind=65, icaweights=[55 65], icawinv=[65 55]
[2026-02-18 15:54:39] prep05_after_ica: saved: K:\Wilken_Arbeitsordner\Preprocessed_data\Aperiodic_Signal\eeg\05_until_epoching_runica\sub-001\sub-001_ses-01_task-baseline_eeg_until_epoching.set
[2026-02-18 15:54:39] Step 06: epoching + final rejection
[2026-02-18 15:54:40] prep06_epoching: sub-001 | sub-001_ses-01_task-baseline_eeg | all outputs exist -> delete + regenerate
[2026-02-18 15:54:41] Loaded set: K:\Wilken_Arbeitsordner\Preprocessed_data\Aperiodic_Signal\eeg\05_until_epoching_runica\sub-001\sub-001_ses-01_task-baseline_eeg_until_epoching.set
[2026-02-18 15:54:41] prep06_epoching: sub-001 | sub-001_ses-01_task-baseline_eeg | derived 7 segments (open/closed).
[2026-02-18 15:54:51] prep06_epoching: sub-001 | sub-001_ses-01_task-baseline_eeg | OPEN rejected=3/23 (FASTER=3, PTP=2) kept=20
[2026-02-18 15:54:51] prep06_epoching: sub-001 | sub-001_ses-01_task-baseline_eeg | CLOSED rejected=3/21 (FASTER=3, PTP=0) kept=18
[2026-02-18 15:54:52] prep06_epoching: saved OPEN: K:\Wilken_Arbeitsordner\Preprocessed_data\Aperiodic_Signal\eeg\06_epoched_runica\sub-001\sub-001_ses-01_task-baseline_eeg_cond-open_epoched_final.set
[2026-02-18 15:54:52] prep06_epoching: saved CLOSED: K:\Wilken_Arbeitsordner\Preprocessed_data\Aperiodic_Signal\eeg\06_epoched_runica\sub-001\sub-001_ses-01_task-baseline_eeg_cond-closed_epoched_final.set
[2026-02-18 15:54:52] --- END sub-001 OK ---
